0 info it worked if it ends with ok
1 verbose cli [ 'C:\\Program Files\\nodejs\\node.exe',
1 verbose cli   'C:\\Program Files\\nodejs\\node_modules\\npm\\bin\\npm-cli.js',
1 verbose cli   'publish',
1 verbose cli   '--tag',
1 verbose cli   'inheritance-es5@v1.0.0' ]
2 info using npm@2.14.12
3 info using node@v4.3.1
4 verbose publish [ '.' ]
5 silly cache add args [ '.', null ]
6 verbose cache add spec .
7 silly cache add parsed spec Result {
7 silly cache add   raw: '.',
7 silly cache add   scope: null,
7 silly cache add   name: null,
7 silly cache add   rawSpec: '.',
7 silly cache add   spec: 'C:\\Users\\Admin\\Documents\\guzmanfg\\inheritance-es5',
7 silly cache add   type: 'directory' }
8 verbose addLocalDirectory C:\Users\Admin\AppData\Roaming\npm-cache\inheritance-es5\0.0.0-semantically-release\package.tgz not in flight; packing
9 verbose tar pack [ 'C:\\Users\\Admin\\AppData\\Roaming\\npm-cache\\inheritance-es5\\0.0.0-semantically-release\\package.tgz',
9 verbose tar pack   'C:\\Users\\Admin\\Documents\\guzmanfg\\inheritance-es5' ]
10 verbose tarball C:\Users\Admin\AppData\Roaming\npm-cache\inheritance-es5\0.0.0-semantically-release\package.tgz
11 verbose folder C:\Users\Admin\Documents\guzmanfg\inheritance-es5
12 info prepublish inheritance-es5@0.0.0-semantically-release
13 verbose addLocalTarball adding from inside cache C:\Users\Admin\AppData\Roaming\npm-cache\inheritance-es5\0.0.0-semantically-release\package.tgz
14 silly cache afterAdd inheritance-es5@0.0.0-semantically-release
15 verbose afterAdd C:\Users\Admin\AppData\Roaming\npm-cache\inheritance-es5\0.0.0-semantically-release\package\package.json not in flight; writing
16 verbose afterAdd C:\Users\Admin\AppData\Roaming\npm-cache\inheritance-es5\0.0.0-semantically-release\package\package.json written
17 silly publish { name: 'inheritance-es5',
17 silly publish   version: '0.0.0-semantically-release',
17 silly publish   description: 'Inheritance in javascript (ES5)',
17 silly publish   main: 'inheritance.js',
17 silly publish   directories: { example: 'examples', test: 'test' },
17 silly publish   scripts:
17 silly publish    { commit: 'git-cz',
17 silly publish      test: 'mocha test/*.spec -w',
17 silly publish      'test:single': 'mocha test/*.spec.js',
17 silly publish      'test:coverage': 'npm run-script test:analyze-coverage && npm run-script test:check-coverage',
17 silly publish      'test:check-coverage': 'nyc check-coverage --statemets 100 --branches 100 --functions 100 --lines 100',
17 silly publish      'test:analyze-coverage': 'nyc --reporter=lcov npm run test:single',
17 silly publish      'report:coverage': 'cat ./coverage/lcov.info | codecov',
17 silly publish      'semantic-release': 'semantic-release pre && npm publish && semantic-release post' },
17 silly publish   keywords: [ 'inheritance' ],
17 silly publish   author: { name: 'guzmanfg' },
17 silly publish   license: 'MIT',
17 silly publish   config:
17 silly publish    { ghooks: { 'pre-commit': 'npm run test:coverage' },
17 silly publish      commitizen: { path: 'node_modules/cz-conventional-changelog' } },
17 silly publish   devDependencies:
17 silly publish    { chai: '^3.5.0',
17 silly publish      'codecov.io': '0.1.6',
17 silly publish      commitizen: '2.8.6',
17 silly publish      'cz-conventional-changelog': '1.2.0',
17 silly publish      ghooks: '1.3.2',
17 silly publish      mocha: '^2.5.3',
17 silly publish      nyc: '10.0.0',
17 silly publish      requirejs: '^2.3.2',
17 silly publish      'semantic-release': '^6.3.2' },
17 silly publish   repository:
17 silly publish    { type: 'git',
17 silly publish      url: 'git+https://github.com/guzmanfg/inheritance-es5.git' },
17 silly publish   readme: '# inheritance-es5\r\n[![travis build](https://img.shields.io/travis/guzmanfg/inheritance-es5.svg?style=flat-square)]()\r\n[![codecov coverage](https://img.shields.io/codecov/c/github/guzmanfg/inheritance-es5.svg?style=flat-square)]()\r\n[![npm version](https://img.shields.io/npm/v/inheritance-es5.svg?style=flat-square)]()\r\n[![npm license](https://img.shields.io/npm/l/inheritance-es5.svg?style=flat-square)](https://opensource.org/licenses/MIT)\r\n[![semantic-release](https://img.shields.io/badge/%20%20%F0%9F%93%A6%F0%9F%9A%80-semantic--release-e10079.svg?style=flat-square)](https://github.com/semantic-release/semantic-release)\r\n\r\nInheritance in JavaScript (ES5)\r\n\r\n\r\n## What is this library objective?\r\nInheritance in ES5, is quite obvious, isn\'t it?\r\n\r\n* Inheritance of methods.\r\n* Inheritance of properties. \r\n* Use of instanceof (prototype chain).\r\n* Call super methods (`__super__`).\r\n* Allow method overwriting.\r\n* Allow property overwriting.\r\n\r\n## How to use inheritance-es5\r\n\r\n1. Write your javascript modules as usual.\r\n\r\n    ```javascript\r\n    /**\r\n    * Feel like a god creating animals\r\n    * @param {Object} options\r\n    * @constructor\r\n    * @class\r\n    */\r\n    function Animal(options) {\r\n        var opts = options || {};\r\n        this._name = opts.name;\r\n    }\r\n    \r\n    Animal.prototype = {\r\n        eat: function() {\r\n            return (this.name || this.type) + \' is eating\';\r\n        }\r\n    };\r\n    \r\n    /**\r\n    * Brings a new kitten to the world\r\n    * @param options\r\n    * @constructor\r\n    * @class\r\n    */\r\n    function Cat(options) {\r\n        var opts = options || {\r\n                isSphynx: false\r\n            };\r\n        this.isSphynx = typeof opts.isSphynx === \'boolean\' && opts.isSphynx;\r\n    }\r\n    \r\n    Cat.prototype = {\r\n        hasFur: function() {\r\n            return !this.isSphynx;\r\n        }\r\n    };\r\n    ```\r\n\r\n2. Apply inheritance after definition.\r\n    \r\n    ```javascript\r\n    inheritance(Cat, Animal); // or Cat = inheritance(Cat, Animal);\r\n    ```\r\n\r\n3. Call super constructor (if needed)\r\n\r\n    ```javascript\r\n    function Cat(options) {\r\n        var opts = options || {\r\n                isSphynx: false\r\n            };\r\n        this.isSphynx = typeof opts.isSphynx === \'boolean\' && opts.isSphynx;\r\n        Cat.__super__(this, [opts]); // super_constructor(opts)\r\n    }\r\n    ```\r\n\r\n4. Done! Easy, huh?\r\n\r\n    ```javascript\r\n    var haku = new Cat({name: \'Haku\'});\r\n    haku.eat(); // Haku is eating!\r\n    ```\r\n## TODOs\r\n\r\n* Readable test suite.\r\n* If a property is not configurable, then it can not be overwritten.',
17 silly publish   readmeFilename: 'README.md',
17 silly publish   gitHead: 'f13b61abe095acabe6b28fd243c1bb9d494d7ef2',
17 silly publish   bugs: { url: 'https://github.com/guzmanfg/inheritance-es5/issues' },
17 silly publish   homepage: 'https://github.com/guzmanfg/inheritance-es5#readme',
17 silly publish   _id: 'inheritance-es5@0.0.0-semantically-release',
17 silly publish   _shasum: '5af81662914442f6e4ffb7f6efda957220033cc9',
17 silly publish   _from: '.' }
18 verbose getPublishConfig undefined
19 silly mapToRegistry name inheritance-es5
20 silly mapToRegistry using default registry
21 silly mapToRegistry registry https://registry.npmjs.org/
22 silly mapToRegistry uri https://registry.npmjs.org/inheritance-es5
23 verbose publish registryBase https://registry.npmjs.org/
24 silly publish uploading C:\Users\Admin\AppData\Roaming\npm-cache\inheritance-es5\0.0.0-semantically-release\package.tgz
25 verbose request uri https://registry.npmjs.org/inheritance-es5
26 verbose request sending authorization for write operation
27 info attempt registry request try #1 at 20:15:24
28 verbose request using bearer token for auth
29 verbose request id 51051d641cabb2d0
30 http request PUT https://registry.npmjs.org/inheritance-es5
31 http 403 https://registry.npmjs.org/inheritance-es5
32 verbose headers { 'content-type': 'application/json',
32 verbose headers   'cache-control': 'max-age=300',
32 verbose headers   'content-length': '116',
32 verbose headers   'accept-ranges': 'bytes',
32 verbose headers   date: 'Fri, 09 Dec 2016 19:15:25 GMT',
32 verbose headers   via: '1.1 varnish',
32 verbose headers   connection: 'keep-alive',
32 verbose headers   'x-served-by': 'cache-lcy1141-LCY',
32 verbose headers   'x-cache': 'MISS',
32 verbose headers   'x-cache-hits': '0',
32 verbose headers   'x-timer': 'S1481310924.616160,VS0,VE889',
32 verbose headers   vary: 'Accept-Encoding' }
33 verbose request invalidating C:\Users\Admin\AppData\Roaming\npm-cache\registry.npmjs.org\inheritance-es5 on PUT
34 error publish Failed PUT 403
35 verbose stack Error: "You cannot publish over the previously published version 0.0.0-semantically-release." : inheritance-es5
35 verbose stack     at makeError (C:\Program Files\nodejs\node_modules\npm\node_modules\npm-registry-client\lib\request.js:264:12)
35 verbose stack     at CachingRegistryClient.<anonymous> (C:\Program Files\nodejs\node_modules\npm\node_modules\npm-registry-client\lib\request.js:252:14)
35 verbose stack     at Request._callback (C:\Program Files\nodejs\node_modules\npm\node_modules\npm-registry-client\lib\request.js:172:14)
35 verbose stack     at Request.self.callback (C:\Program Files\nodejs\node_modules\npm\node_modules\request\request.js:198:22)
35 verbose stack     at emitTwo (events.js:87:13)
35 verbose stack     at Request.emit (events.js:172:7)
35 verbose stack     at Request.<anonymous> (C:\Program Files\nodejs\node_modules\npm\node_modules\request\request.js:1082:10)
35 verbose stack     at emitOne (events.js:82:20)
35 verbose stack     at Request.emit (events.js:169:7)
35 verbose stack     at IncomingMessage.<anonymous> (C:\Program Files\nodejs\node_modules\npm\node_modules\request\request.js:1009:12)
36 verbose statusCode 403
37 verbose pkgid inheritance-es5
38 verbose cwd C:\Users\Admin\Documents\guzmanfg\inheritance-es5
39 error Windows_NT 10.0.14393
40 error argv "C:\\Program Files\\nodejs\\node.exe" "C:\\Program Files\\nodejs\\node_modules\\npm\\bin\\npm-cli.js" "publish" "--tag" "inheritance-es5@v1.0.0"
41 error node v4.3.1
42 error npm  v2.14.12
43 error code E403
44 error "You cannot publish over the previously published version 0.0.0-semantically-release." : inheritance-es5
45 error If you need help, you may report this error at:
45 error     <https://github.com/npm/npm/issues>
46 verbose exit [ 1, true ]
